<?xml version="1.0" encoding="UTF-8"?>
<testsuite xmlns:xsi="http://www.w3.org/2001/XMLSchema-instance" xsi:noNamespaceSchemaLocation="https://maven.apache.org/surefire/maven-surefire-plugin/xsd/surefire-test-report-3.0.xsd" version="3.0" name="com.musicplayer.PlaylistTest" time="0.019" tests="2" errors="0" skipped="0" failures="0">
  <properties>
[...]
</properties>
  <testcase name="insertAndRemoveMusic" classname="com.musicplayer.PlaylistTest" time="0.008">
    <system-out><![CDATA[Música A removida.
Música B removida.
]]></system-out>
  </testcase>
  <testcase name="emptyPlaylistIsEmpty" classname="com.musicplayer.PlaylistTest" time="0.001"/>
</testsuite>